<?xml version="1.0" encoding="UTF-8"?>
<!-- Generated by org.testng.reporters.JUnitReportReporter -->
<testsuite skipped="0" hostname="Tanias-MacBook-Pro.local" name="com.xPath.XpathOrAnd" tests="1" failures="0" timestamp="2021-04-24T01:35:45 CDT" time="0.225" errors="0">
  <testcase name="signinTest" time="0.225" classname="com.xPath.XpathOrAnd"/>
</testsuite> <!-- com.xPath.XpathOrAnd -->
