<?xml version="1.0" encoding="UTF-8"?>
<!-- Generated by org.testng.reporters.JUnitReportReporter -->
<testsuite skipped="0" hostname="Tanias-MacBook-Pro.local" name="LocatorClass" tests="1" failures="0" timestamp="2021-04-21T21:35:19 CDT" time="6.934" errors="0">
  <testcase name="classLocators" time="6.934" classname="LocatorClass"/>
</testsuite> <!-- LocatorClass -->
