<?xml version="1.0" encoding="UTF-8"?>
<!-- Generated by org.testng.reporters.JUnitReportReporter -->
<testsuite skipped="0" hostname="Tanias-MacBook-Pro.local" name="com.xPath.XpathRegular" tests="1" failures="0" timestamp="2021-04-24T01:40:19 CDT" time="0.208" errors="0">
  <testcase name="regularXpath" time="0.208" classname="com.xPath.XpathRegular"/>
</testsuite> <!-- com.xPath.XpathRegular -->
