<?xml version="1.0" encoding="UTF-8"?>
<!-- Generated by org.testng.reporters.JUnitReportReporter -->
<testsuite skipped="0" hostname="Tanias-MacBook-Pro.local" name="directLocators.LocatorLinkText" tests="1" failures="0" timestamp="2021-04-21T22:55:35 CDT" time="3.638" errors="0">
  <testcase name="classLocators" time="3.638" classname="directLocators.LocatorLinkText"/>
</testsuite> <!-- directLocators.LocatorLinkText -->
