<?xml version="1.0" encoding="UTF-8"?>
<!-- Generated by org.testng.reporters.JUnitReportReporter -->
<testsuite skipped="0" hostname="Tanias-MacBook-Pro.local" name="directLocators.NameLocator" tests="1" failures="0" timestamp="2021-04-21T22:17:20 CDT" time="4.093" errors="0">
  <testcase name="classLocators" time="4.093" classname="directLocators.NameLocator"/>
</testsuite> <!-- directLocators.NameLocator -->
