<?xml version="1.0" encoding="UTF-8"?>
<!-- Generated by org.testng.reporters.JUnitReportReporter -->
<testsuite skipped="0" hostname="Tanias-MacBook-Pro.local" name="directLocators.IdLocator" tests="1" failures="0" timestamp="2021-04-21T21:50:32 CDT" time="3.938" errors="0">
  <testcase name="classLocators" time="3.938" classname="directLocators.IdLocator"/>
</testsuite> <!-- directLocators.IdLocator -->
